{
  "0 debug pnpm:scope": {
    "selected": 1
  },
  "1 error pnpm": {
    "code": "ELIFECYCLE",
    "errno": "ENOENT",
    "syscall": "spawn",
    "file": "sh",
    "pkgid": "@trilogy-group/tu2k22-openchakra@0.0.6",
    "stage": "dev",
    "script": "next dev",
    "pkgname": "@trilogy-group/tu2k22-openchakra",
    "err": {
      "name": "pnpm",
      "message": "@trilogy-group/tu2k22-openchakra@0.0.6 dev: `next dev`\nspawn ENOENT",
      "code": "ELIFECYCLE",
      "stack": "pnpm: @trilogy-group/tu2k22-openchakra@0.0.6 dev: `next dev`\nspawn ENOENT\n    at ChildProcess.<anonymous> (/workspace/.npm/node_modules/lib/node_modules/pnpm/dist/pnpm.cjs:92348:22)\n    at ChildProcess.emit (events.js:376:20)\n    at maybeClose (internal/child_process.js:1055:16)\n    at Process.ChildProcess._handle.onexit (internal/child_process.js:288:5)"
    }
  },
  "2 warn pnpm:global": " Local package.json exists, but node_modules missing, did you mean to install?"
}